<?xml version="1.0" encoding="UTF-8"?>
<!-- Generated by org.testng.reporters.JUnitReportReporter -->
<testsuite hostname="DESKTOP-N68IUBD" failures="0" tests="3" name="Complexidade.TimeTestUsingNG" time="0.014" errors="0" timestamp="2024-06-23T01:00:06 BRT" skipped="0">
  <testcase classname="Complexidade.TimeTestUsingNG" name="testOrdena" time="0.002"/>
  <system-out/>
  <testcase classname="Complexidade.TimeTestUsingNG" name="testIsInBinario" time="0.011"/>
  <system-out/>
  <testcase classname="Complexidade.TimeTestUsingNG" name="testisIn" time="0.001"/>
  <system-out/>
</testsuite> <!-- Complexidade.TimeTestUsingNG -->
