<?xml version="1.0" encoding="UTF-8"?>
<!-- Generated by org.testng.reporters.JUnitReportReporter -->
<testsuite hostname="DESKTOP-N68IUBD" failures="0" tests="3" name="Complexidade.RunningTest" time="0.013" errors="0" timestamp="2024-05-30T15:57:25 BRT" skipped="0">
  <testcase classname="Complexidade.RunningTest" name="testisIn" time="0.001"/>
  <system-out/>
  <testcase classname="Complexidade.RunningTest" name="testOrdena" time="0.002"/>
  <system-out/>
  <testcase classname="Complexidade.RunningTest" name="testIsInBinario" time="0.010"/>
  <system-out/>
</testsuite> <!-- Complexidade.RunningTest -->
