<?xml version="1.0" encoding="UTF-8"?>
<testsuite xmlns:xsi="http://www.w3.org/2001/XMLSchema-instance" xsi:noNamespaceSchemaLocation="https://maven.apache.org/surefire/maven-surefire-plugin/xsd/surefire-test-report-3.0.xsd" version="3.0" name="FirstPartTest.FirstPartTest" time="0.08" tests="9" errors="0" skipped="0" failures="0">
  <properties>
    <property name="java.specification.version" value="21"/>
    <property name="sun.cpu.isalist" value="amd64"/>
    <property name="sun.jnu.encoding" value="UTF-8"/>
    <property name="java.class.path" value="C:\Users\paladin\eclipse-workspace\Basic_Poo\target\test-classes;C:\Users\paladin\eclipse-workspace\Basic_Poo\target\classes;C:\Users\paladin\.m2\repository\org\junit\jupiter\junit-jupiter-api\5.10.2\junit-jupiter-api-5.10.2.jar;C:\Users\paladin\.m2\repository\org\opentest4j\opentest4j\1.3.0\opentest4j-1.3.0.jar;C:\Users\paladin\.m2\repository\org\junit\platform\junit-platform-commons\1.10.2\junit-platform-commons-1.10.2.jar;C:\Users\paladin\.m2\repository\org\apiguardian\apiguardian-api\1.1.2\apiguardian-api-1.1.2.jar;C:\Users\paladin\.m2\repository\org\junit\jupiter\junit-jupiter-engine\5.8.1\junit-jupiter-engine-5.8.1.jar;C:\Users\paladin\.m2\repository\org\junit\platform\junit-platform-engine\1.8.1\junit-platform-engine-1.8.1.jar;C:\Users\paladin\.m2\repository\org\junit\platform\junit-platform-launcher\1.8.1\junit-platform-launcher-1.8.1.jar;"/>
    <property name="java.vm.vendor" value="BellSoft"/>
    <property name="sun.arch.data.model" value="64"/>
    <property name="user.variant" value=""/>
    <property name="java.vendor.url" value="https://bell-sw.com/"/>
    <property name="user.timezone" value="America/Sao_Paulo"/>
    <property name="os.name" value="Windows 10"/>
    <property name="java.vm.specification.version" value="21"/>
    <property name="sun.java.launcher" value="SUN_STANDARD"/>
    <property name="user.country" value="BR"/>
    <property name="sun.boot.library.path" value="C:\Users\paladin\Documents\Java\jdk-21.0.2-full\bin"/>
    <property name="sun.java.command" value="C:\Users\paladin\AppData\Local\Temp\surefire2521657899366915367\surefirebooter-20240527011634337_3.jar C:\Users\paladin\AppData\Local\Temp\surefire2521657899366915367 2024-05-27T01-16-34_241-jvmRun1 surefire-20240527011634337_1tmp surefire_0-20240527011634337_2tmp"/>
    <property name="jdk.debug" value="release"/>
    <property name="surefire.test.class.path" value="C:\Users\paladin\eclipse-workspace\Basic_Poo\target\test-classes;C:\Users\paladin\eclipse-workspace\Basic_Poo\target\classes;C:\Users\paladin\.m2\repository\org\junit\jupiter\junit-jupiter-api\5.10.2\junit-jupiter-api-5.10.2.jar;C:\Users\paladin\.m2\repository\org\opentest4j\opentest4j\1.3.0\opentest4j-1.3.0.jar;C:\Users\paladin\.m2\repository\org\junit\platform\junit-platform-commons\1.10.2\junit-platform-commons-1.10.2.jar;C:\Users\paladin\.m2\repository\org\apiguardian\apiguardian-api\1.1.2\apiguardian-api-1.1.2.jar;C:\Users\paladin\.m2\repository\org\junit\jupiter\junit-jupiter-engine\5.8.1\junit-jupiter-engine-5.8.1.jar;C:\Users\paladin\.m2\repository\org\junit\platform\junit-platform-engine\1.8.1\junit-platform-engine-1.8.1.jar;C:\Users\paladin\.m2\repository\org\junit\platform\junit-platform-launcher\1.8.1\junit-platform-launcher-1.8.1.jar;"/>
    <property name="sun.cpu.endian" value="little"/>
    <property name="user.home" value="C:\Users\paladin"/>
    <property name="user.language" value="pt"/>
    <property name="java.specification.vendor" value="Oracle Corporation"/>
    <property name="java.version.date" value="2024-01-16"/>
    <property name="java.home" value="C:\Users\paladin\Documents\Java\jdk-21.0.2-full"/>
    <property name="file.separator" value="\"/>
    <property name="basedir" value="C:\Users\paladin\eclipse-workspace\Basic_Poo"/>
    <property name="style.color" value="always"/>
    <property name="java.vm.compressedOopsMode" value="Zero based"/>
    <property name="line.separator" value="&#10;"/>
    <property name="java.vm.specification.vendor" value="Oracle Corporation"/>
    <property name="java.specification.name" value="Java Platform API Specification"/>
    <property name="surefire.real.class.path" value="C:\Users\paladin\AppData\Local\Temp\surefire2521657899366915367\surefirebooter-20240527011634337_3.jar"/>
    <property name="user.script" value=""/>
    <property name="sun.management.compiler" value="HotSpot 64-Bit Tiered Compilers"/>
    <property name="java.runtime.version" value="21.0.2+14-LTS"/>
    <property name="user.name" value="paladin"/>
    <property name="stdout.encoding" value="UTF-8"/>
    <property name="path.separator" value=";"/>
    <property name="os.version" value="10.0"/>
    <property name="java.runtime.name" value="OpenJDK Runtime Environment"/>
    <property name="file.encoding" value="UTF-8"/>
    <property name="java.vm.name" value="OpenJDK 64-Bit Server VM"/>
    <property name="localRepository" value="C:\Users\paladin\.m2\repository"/>
    <property name="java.vendor.url.bug" value="https://bell-sw.com/support"/>
    <property name="java.io.tmpdir" value="C:\Users\paladin\AppData\Local\Temp\"/>
    <property name="java.version" value="21.0.2"/>
    <property name="user.dir" value="C:\Users\paladin\eclipse-workspace\Basic_Poo"/>
    <property name="os.arch" value="amd64"/>
    <property name="java.vm.specification.name" value="Java Virtual Machine Specification"/>
    <property name="sun.os.patch.level" value=""/>
    <property name="native.encoding" value="UTF-8"/>
    <property name="java.library.path" value="C:\Users\paladin\Documents\Java\jdk-21.0.2-full\bin;C:\Windows\Sun\Java\bin;C:\Windows\system32;C:\Windows;C:/Users/paladin/Documents/Java/jdk-21.0.2-full/bin/server;C:/Users/paladin/Documents/Java/jdk-21.0.2-full/bin;C:\Windows\System32;C:\Program Files\PostgreSQL\15\bin;C:\Program Files\dotnet\;;C:\Program Files\PostgreSQL\15\bin;C:\Program Files\dotnet\;;C:\Program Files\PostgreSQL\15\bin;C:\Program Files\dotnet\;C:\Users\paladin\go\bin;C:\Program Files\MySQL\MySQL Shell 8.0\bin\;C:\Users\paladin\AppData\Local\Microsoft\WindowsApps;C:\Users\paladin\AppData\Local\GitHubDesktop\bin;C:\Users\paladin\AppData\Local\Programs\Microsoft VS Code\bin;C:\Users\paladin\.dotnet\tools;C:\Program Files\OpenSSL-Win64\bin;C:\Users\paladin\.dotnet\tools;C:\Users\paladin\AppData\Roaming\npm;C:\Program Files (x86)\Nmap;C:\Users\paladin\Desktop;;."/>
    <property name="java.vm.info" value="mixed mode, sharing"/>
    <property name="stderr.encoding" value="UTF-8"/>
    <property name="java.vendor" value="BellSoft"/>
    <property name="java.vm.version" value="21.0.2+14-LTS"/>
    <property name="sun.io.unicode.encoding" value="UnicodeLittle"/>
    <property name="java.class.version" value="65.0"/>
  </properties>
  <testcase name="NumberSwapTest" classname="FirstPartTest.FirstPartTest" time="0.031">
    <system-out><![CDATA[&amp#27;[32mNumberSwapTest : {Test passed}&amp#27;[0m
Result: [10, 5] || Expected: [10, 5]

]]></system-out>
  </testcase>
  <testcase name="BinaryTransformTest" classname="FirstPartTest.FirstPartTest" time="0.004">
    <system-out><![CDATA[&amp#27;[32mBinaryTransformTest : {Test passed}&amp#27;[0m
Result: 1001 || Expected: 1001

]]></system-out>
  </testcase>
  <testcase name="FactorialNumberTest" classname="FirstPartTest.FirstPartTest" time="0.001">
    <system-out><![CDATA[&amp#27;[32mFactorialNumberTest : {Test passed}&amp#27;[0m
Result: 120 || Expected: 120

]]></system-out>
  </testcase>
  <testcase name="ComplexNumberTest" classname="FirstPartTest.FirstPartTest" time="0.003">
    <system-out><![CDATA[&amp#27;[32mComplexNumberTest : {Test passed}&amp#27;[0m
Result: 5 + 7i || Expected: 5 + 7i

]]></system-out>
  </testcase>
  <testcase name="SimpleInterestTest" classname="FirstPartTest.FirstPartTest" time="0.002">
    <system-out><![CDATA[&amp#27;[32mSimpleInterestTest : {Test passed}&amp#27;[0m
Result: 2500 || Expected: 2500

]]></system-out>
  </testcase>
  <testcase name="PascalTriangleTest" classname="FirstPartTest.FirstPartTest" time="0.002">
    <system-out><![CDATA[&amp#27;[32mPascalTriangleTest : {Test passed}&amp#27;[0m
Result: [1, 1, 1, 1, 2, 1, 1, 3, 3, 1, 1, 4, 6, 4, 1, 1, 5, 10, 10, 5, 1] || Expected: [1, 1, 1, 1, 2, 1, 1, 3, 3, 1, 1, 4, 6, 4, 1, 1, 5, 10, 10, 5, 1]

]]></system-out>
  </testcase>
  <testcase name="Fibonacci" classname="FirstPartTest.FirstPartTest" time="0.002">
    <system-out><![CDATA[&amp#27;[32mFibonacci : {Test passed}&amp#27;[0m
Result: 33 || Expected: 33

]]></system-out>
  </testcase>
  <testcase name="PyramidPattern" classname="FirstPartTest.FirstPartTest" time="0.003">
    <system-out><![CDATA[&amp#27;[32mPyramidPattern : {Test passed}&amp#27;[0m
Result: [   *   ,   ***  ,  ***** , *******] || Expected: [   *   ,   ***  ,  ***** , *******]

]]></system-out>
  </testcase>
  <testcase name="PrintPattern" classname="FirstPartTest.FirstPartTest" time="0.002">
    <system-out><![CDATA[&amp#27;[32mPrintPattern : {Test passed}&amp#27;[0m
Result: [******, *    *, *    *, *    *, *    *, ******] || Expected: [******, *    *, *    *, *    *, *    *, ******]

]]></system-out>
  </testcase>
</testsuite>